mode: set
github.com/IslamCHup/coworking-manager-project/cmd/seed/main.go:31.13,35.15 3 0
github.com/IslamCHup/coworking-manager-project/cmd/seed/main.go:35.15,44.3 1 0
github.com/IslamCHup/coworking-manager-project/cmd/seed/main.go:46.2,49.16 2 0
github.com/IslamCHup/coworking-manager-project/cmd/seed/main.go:49.16,51.3 1 0
github.com/IslamCHup/coworking-manager-project/cmd/seed/main.go:53.2,72.50 17 0
github.com/IslamCHup/coworking-manager-project/cmd/seed/main.go:75.28,86.44 2 0
github.com/IslamCHup/coworking-manager-project/cmd/seed/main.go:86.44,88.3 1 0
github.com/IslamCHup/coworking-manager-project/cmd/seed/main.go:91.37,95.35 3 0
github.com/IslamCHup/coworking-manager-project/cmd/seed/main.go:95.35,101.53 2 0
github.com/IslamCHup/coworking-manager-project/cmd/seed/main.go:101.53,103.29 2 0
github.com/IslamCHup/coworking-manager-project/cmd/seed/main.go:103.29,105.5 1 0
github.com/IslamCHup/coworking-manager-project/cmd/seed/main.go:106.4,106.23 1 0
github.com/IslamCHup/coworking-manager-project/cmd/seed/main.go:109.2,109.12 1 0
github.com/IslamCHup/coworking-manager-project/cmd/seed/main.go:112.53,119.35 5 0
github.com/IslamCHup/coworking-manager-project/cmd/seed/main.go:119.35,129.53 3 0
github.com/IslamCHup/coworking-manager-project/cmd/seed/main.go:129.53,131.29 2 0
github.com/IslamCHup/coworking-manager-project/cmd/seed/main.go:131.29,134.5 2 0
github.com/IslamCHup/coworking-manager-project/cmd/seed/main.go:135.4,135.23 1 0
github.com/IslamCHup/coworking-manager-project/cmd/seed/main.go:138.2,138.22 1 0
github.com/IslamCHup/coworking-manager-project/cmd/seed/main.go:141.36,145.34 3 0
github.com/IslamCHup/coworking-manager-project/cmd/seed/main.go:145.34,155.51 2 0
github.com/IslamCHup/coworking-manager-project/cmd/seed/main.go:155.51,157.28 2 0
github.com/IslamCHup/coworking-manager-project/cmd/seed/main.go:157.28,159.5 1 0
github.com/IslamCHup/coworking-manager-project/cmd/seed/main.go:160.4,160.21 1 0
github.com/IslamCHup/coworking-manager-project/cmd/seed/main.go:163.2,163.12 1 0
github.com/IslamCHup/coworking-manager-project/cmd/seed/main.go:166.53,170.29 3 0
github.com/IslamCHup/coworking-manager-project/cmd/seed/main.go:170.29,177.48 2 0
github.com/IslamCHup/coworking-manager-project/cmd/seed/main.go:177.48,180.4 2 0
github.com/IslamCHup/coworking-manager-project/cmd/seed/main.go:184.81,187.37 2 0
github.com/IslamCHup/coworking-manager-project/cmd/seed/main.go:187.37,211.56 9 0
github.com/IslamCHup/coworking-manager-project/cmd/seed/main.go:211.56,214.4 2 0
github.com/IslamCHup/coworking-manager-project/cmd/seed/main.go:218.67,221.36 2 0
github.com/IslamCHup/coworking-manager-project/cmd/seed/main.go:221.36,223.36 2 0
github.com/IslamCHup/coworking-manager-project/cmd/seed/main.go:223.36,226.4 2 0
github.com/IslamCHup/coworking-manager-project/cmd/seed/main.go:228.3,238.55 2 0
github.com/IslamCHup/coworking-manager-project/cmd/seed/main.go:238.55,241.4 2 0
github.com/IslamCHup/coworking-manager-project/cmd/seed/main.go:245.24,246.11 1 0
github.com/IslamCHup/coworking-manager-project/cmd/seed/main.go:246.11,248.3 1 0
github.com/IslamCHup/coworking-manager-project/cmd/seed/main.go:249.2,249.10 1 0
github.com/IslamCHup/coworking-manager-project/internal/middleware/basic_auth.go:15.103,16.30 1 0
github.com/IslamCHup/coworking-manager-project/internal/middleware/basic_auth.go:16.30,18.23 2 0
github.com/IslamCHup/coworking-manager-project/internal/middleware/basic_auth.go:18.23,23.4 4 0
github.com/IslamCHup/coworking-manager-project/internal/middleware/basic_auth.go:26.3,26.47 1 0
github.com/IslamCHup/coworking-manager-project/internal/middleware/basic_auth.go:26.47,31.4 4 0
github.com/IslamCHup/coworking-manager-project/internal/middleware/basic_auth.go:34.3,36.17 3 0
github.com/IslamCHup/coworking-manager-project/internal/middleware/basic_auth.go:36.17,41.4 4 0
github.com/IslamCHup/coworking-manager-project/internal/middleware/basic_auth.go:44.3,45.28 2 0
github.com/IslamCHup/coworking-manager-project/internal/middleware/basic_auth.go:45.28,50.4 4 0
github.com/IslamCHup/coworking-manager-project/internal/middleware/basic_auth.go:52.3,57.17 4 0
github.com/IslamCHup/coworking-manager-project/internal/middleware/basic_auth.go:57.17,63.4 5 0
github.com/IslamCHup/coworking-manager-project/internal/middleware/basic_auth.go:66.3,70.11 3 0
github.com/IslamCHup/coworking-manager-project/internal/middleware/jwt.go:10.38,11.30 1 0
github.com/IslamCHup/coworking-manager-project/internal/middleware/jwt.go:11.30,13.19 2 0
github.com/IslamCHup/coworking-manager-project/internal/middleware/jwt.go:13.19,16.4 2 0
github.com/IslamCHup/coworking-manager-project/internal/middleware/jwt.go:18.3,19.46 2 0
github.com/IslamCHup/coworking-manager-project/internal/middleware/jwt.go:19.46,22.4 2 0
github.com/IslamCHup/coworking-manager-project/internal/middleware/jwt.go:24.3,25.34 2 0
github.com/IslamCHup/coworking-manager-project/internal/middleware/jwt.go:25.34,27.4 1 0
github.com/IslamCHup/coworking-manager-project/internal/middleware/jwt.go:29.3,29.11 1 0
github.com/IslamCHup/coworking-manager-project/internal/middleware/require_auth.go:9.46,10.30 1 0
github.com/IslamCHup/coworking-manager-project/internal/middleware/require_auth.go:10.30,12.31 2 0
github.com/IslamCHup/coworking-manager-project/internal/middleware/require_auth.go:12.31,17.4 2 0
github.com/IslamCHup/coworking-manager-project/internal/middleware/require_auth.go:19.3,19.11 1 0
github.com/IslamCHup/coworking-manager-project/internal/auth/jwt/access.go:16.37,18.18 2 0
github.com/IslamCHup/coworking-manager-project/internal/auth/jwt/access.go:18.18,20.3 1 0
github.com/IslamCHup/coworking-manager-project/internal/auth/jwt/access.go:21.2,21.28 1 0
github.com/IslamCHup/coworking-manager-project/internal/auth/jwt/access.go:24.55,26.16 2 0
github.com/IslamCHup/coworking-manager-project/internal/auth/jwt/access.go:26.16,28.3 1 0
github.com/IslamCHup/coworking-manager-project/internal/auth/jwt/access.go:30.2,40.35 3 0
github.com/IslamCHup/coworking-manager-project/internal/auth/jwt/access.go:43.66,46.16 2 0
github.com/IslamCHup/coworking-manager-project/internal/auth/jwt/access.go:46.16,48.3 1 0
github.com/IslamCHup/coworking-manager-project/internal/auth/jwt/access.go:50.2,53.47 1 0
github.com/IslamCHup/coworking-manager-project/internal/auth/jwt/access.go:53.47,55.4 1 0
github.com/IslamCHup/coworking-manager-project/internal/auth/jwt/access.go:58.2,58.16 1 0
github.com/IslamCHup/coworking-manager-project/internal/auth/jwt/access.go:58.16,60.3 1 0
github.com/IslamCHup/coworking-manager-project/internal/auth/jwt/access.go:62.2,63.25 2 0
github.com/IslamCHup/coworking-manager-project/internal/auth/jwt/access.go:63.25,65.3 1 0
github.com/IslamCHup/coworking-manager-project/internal/auth/jwt/access.go:67.2,67.20 1 0
github.com/IslamCHup/coworking-manager-project/internal/config/database.go:14.50,16.46 1 0
github.com/IslamCHup/coworking-manager-project/internal/config/database.go:16.46,18.3 1 0
github.com/IslamCHup/coworking-manager-project/internal/config/database.go:18.8,20.3 1 0
github.com/IslamCHup/coworking-manager-project/internal/config/database.go:22.2,40.16 12 0
github.com/IslamCHup/coworking-manager-project/internal/config/database.go:40.16,42.13 2 0
github.com/IslamCHup/coworking-manager-project/internal/config/database.go:46.2,47.16 2 0
github.com/IslamCHup/coworking-manager-project/internal/config/database.go:47.16,49.3 1 0
github.com/IslamCHup/coworking-manager-project/internal/config/database.go:49.8,55.3 4 0
github.com/IslamCHup/coworking-manager-project/internal/config/database.go:57.2,58.11 2 0
github.com/IslamCHup/coworking-manager-project/internal/config/logging.go:9.40,10.32 1 0
github.com/IslamCHup/coworking-manager-project/internal/config/logging.go:11.15,12.25 1 0
github.com/IslamCHup/coworking-manager-project/internal/config/logging.go:13.14,14.24 1 0
github.com/IslamCHup/coworking-manager-project/internal/config/logging.go:15.14,16.24 1 0
github.com/IslamCHup/coworking-manager-project/internal/config/logging.go:17.15,18.25 1 0
github.com/IslamCHup/coworking-manager-project/internal/config/logging.go:19.10,20.24 1 0
github.com/IslamCHup/coworking-manager-project/internal/config/logging.go:24.32,26.23 2 0
github.com/IslamCHup/coworking-manager-project/internal/config/logging.go:26.23,28.3 1 0
github.com/IslamCHup/coworking-manager-project/internal/config/logging.go:30.2,40.15 5 0
github.com/IslamCHup/coworking-manager-project/internal/service/admin_service.go:23.89,28.2 1 0
github.com/IslamCHup/coworking-manager-project/internal/service/admin_service.go:30.83,32.16 2 0
github.com/IslamCHup/coworking-manager-project/internal/service/admin_service.go:32.16,33.45 1 0
github.com/IslamCHup/coworking-manager-project/internal/service/admin_service.go:33.45,36.4 2 0
github.com/IslamCHup/coworking-manager-project/internal/service/admin_service.go:37.3,38.18 2 0
github.com/IslamCHup/coworking-manager-project/internal/service/admin_service.go:42.2,42.100 1 0
github.com/IslamCHup/coworking-manager-project/internal/service/admin_service.go:42.100,45.3 2 0
github.com/IslamCHup/coworking-manager-project/internal/service/admin_service.go:47.2,48.19 2 0
github.com/IslamCHup/coworking-manager-project/internal/service/admin_service.go:51.83,54.16 2 0
github.com/IslamCHup/coworking-manager-project/internal/service/admin_service.go:54.16,57.3 2 0
github.com/IslamCHup/coworking-manager-project/internal/service/admin_service.go:59.2,64.50 2 0
github.com/IslamCHup/coworking-manager-project/internal/service/admin_service.go:64.50,67.3 2 0
github.com/IslamCHup/coworking-manager-project/internal/service/admin_service.go:69.2,70.19 2 0
github.com/IslamCHup/coworking-manager-project/internal/service/auth_service.go:33.15,38.2 1 0
github.com/IslamCHup/coworking-manager-project/internal/service/auth_service.go:41.52,44.2 2 0
github.com/IslamCHup/coworking-manager-project/internal/service/auth_service.go:46.49,48.2 1 0
github.com/IslamCHup/coworking-manager-project/internal/service/auth_service.go:56.25,63.35 5 0
github.com/IslamCHup/coworking-manager-project/internal/service/auth_service.go:63.35,65.3 1 0
github.com/IslamCHup/coworking-manager-project/internal/service/auth_service.go:67.2,67.23 1 0
github.com/IslamCHup/coworking-manager-project/internal/service/auth_service.go:67.23,69.3 1 0
github.com/IslamCHup/coworking-manager-project/internal/service/auth_service.go:71.2,72.16 2 0
github.com/IslamCHup/coworking-manager-project/internal/service/auth_service.go:72.16,75.3 2 0
github.com/IslamCHup/coworking-manager-project/internal/service/auth_service.go:77.2,86.52 2 0
github.com/IslamCHup/coworking-manager-project/internal/service/auth_service.go:86.52,89.3 2 0
github.com/IslamCHup/coworking-manager-project/internal/service/auth_service.go:91.2,97.18 2 0
github.com/IslamCHup/coworking-manager-project/internal/service/auth_service.go:100.82,104.35 3 0
github.com/IslamCHup/coworking-manager-project/internal/service/auth_service.go:104.35,106.3 1 0
github.com/IslamCHup/coworking-manager-project/internal/service/auth_service.go:108.2,109.16 2 0
github.com/IslamCHup/coworking-manager-project/internal/service/auth_service.go:109.16,112.3 2 0
github.com/IslamCHup/coworking-manager-project/internal/service/auth_service.go:114.2,114.20 1 0
github.com/IslamCHup/coworking-manager-project/internal/service/auth_service.go:114.20,116.3 1 0
github.com/IslamCHup/coworking-manager-project/internal/service/auth_service.go:118.2,118.67 1 0
github.com/IslamCHup/coworking-manager-project/internal/service/auth_service.go:118.67,121.3 2 0
github.com/IslamCHup/coworking-manager-project/internal/service/auth_service.go:123.2,129.18 2 0
github.com/IslamCHup/coworking-manager-project/internal/service/booking_service.go:36.167,44.2 1 0
github.com/IslamCHup/coworking-manager-project/internal/service/booking_service.go:46.93,48.16 2 0
github.com/IslamCHup/coworking-manager-project/internal/service/booking_service.go:48.16,50.3 1 0
github.com/IslamCHup/coworking-manager-project/internal/service/booking_service.go:52.2,53.16 2 0
github.com/IslamCHup/coworking-manager-project/internal/service/booking_service.go:53.16,55.3 1 0
github.com/IslamCHup/coworking-manager-project/internal/service/booking_service.go:57.2,58.19 2 0
github.com/IslamCHup/coworking-manager-project/internal/service/booking_service.go:58.19,60.3 1 0
github.com/IslamCHup/coworking-manager-project/internal/service/booking_service.go:62.2,62.72 1 0
github.com/IslamCHup/coworking-manager-project/internal/service/booking_service.go:62.72,64.3 1 0
github.com/IslamCHup/coworking-manager-project/internal/service/booking_service.go:66.2,66.30 1 0
github.com/IslamCHup/coworking-manager-project/internal/service/booking_service.go:66.30,68.3 1 0
github.com/IslamCHup/coworking-manager-project/internal/service/booking_service.go:70.2,70.41 1 0
github.com/IslamCHup/coworking-manager-project/internal/service/booking_service.go:70.41,72.3 1 0
github.com/IslamCHup/coworking-manager-project/internal/service/booking_service.go:74.2,83.16 4 0
github.com/IslamCHup/coworking-manager-project/internal/service/booking_service.go:83.16,86.3 2 0
github.com/IslamCHup/coworking-manager-project/internal/service/booking_service.go:88.2,88.23 1 0
github.com/IslamCHup/coworking-manager-project/internal/service/booking_service.go:88.23,90.3 1 0
github.com/IslamCHup/coworking-manager-project/internal/service/booking_service.go:92.2,101.16 3 0
github.com/IslamCHup/coworking-manager-project/internal/service/booking_service.go:101.16,104.3 2 0
github.com/IslamCHup/coworking-manager-project/internal/service/booking_service.go:106.2,108.54 2 0
github.com/IslamCHup/coworking-manager-project/internal/service/booking_service.go:108.54,111.3 2 0
github.com/IslamCHup/coworking-manager-project/internal/service/booking_service.go:113.2,116.20 2 0
github.com/IslamCHup/coworking-manager-project/internal/service/booking_service.go:116.20,119.3 2 0
github.com/IslamCHup/coworking-manager-project/internal/service/booking_service.go:121.2,121.21 1 0
github.com/IslamCHup/coworking-manager-project/internal/service/booking_service.go:124.81,127.16 2 0
github.com/IslamCHup/coworking-manager-project/internal/service/booking_service.go:127.16,130.3 2 0
github.com/IslamCHup/coworking-manager-project/internal/service/booking_service.go:132.2,132.20 1 0
github.com/IslamCHup/coworking-manager-project/internal/service/booking_service.go:132.20,135.3 2 0
github.com/IslamCHup/coworking-manager-project/internal/service/booking_service.go:137.2,156.27 4 0
github.com/IslamCHup/coworking-manager-project/internal/service/booking_service.go:159.55,160.42 1 0
github.com/IslamCHup/coworking-manager-project/internal/service/booking_service.go:160.42,163.3 2 0
github.com/IslamCHup/coworking-manager-project/internal/service/booking_service.go:165.2,167.20 2 0
github.com/IslamCHup/coworking-manager-project/internal/service/booking_service.go:167.20,170.3 2 0
github.com/IslamCHup/coworking-manager-project/internal/service/booking_service.go:172.2,172.12 1 0
github.com/IslamCHup/coworking-manager-project/internal/service/booking_service.go:175.94,181.20 3 0
github.com/IslamCHup/coworking-manager-project/internal/service/booking_service.go:181.20,183.17 2 0
github.com/IslamCHup/coworking-manager-project/internal/service/booking_service.go:183.17,187.68 3 0
github.com/IslamCHup/coworking-manager-project/internal/service/booking_service.go:187.68,189.5 1 0
github.com/IslamCHup/coworking-manager-project/internal/service/booking_service.go:191.4,195.5 1 0
github.com/IslamCHup/coworking-manager-project/internal/service/booking_service.go:196.9,202.4 1 0
github.com/IslamCHup/coworking-manager-project/internal/service/booking_service.go:205.2,206.16 2 0
github.com/IslamCHup/coworking-manager-project/internal/service/booking_service.go:206.16,209.3 2 0
github.com/IslamCHup/coworking-manager-project/internal/service/booking_service.go:212.2,212.20 1 0
github.com/IslamCHup/coworking-manager-project/internal/service/booking_service.go:212.20,214.17 2 0
github.com/IslamCHup/coworking-manager-project/internal/service/booking_service.go:214.17,216.4 1 0
github.com/IslamCHup/coworking-manager-project/internal/service/booking_service.go:216.9,217.80 1 0
github.com/IslamCHup/coworking-manager-project/internal/service/booking_service.go:217.80,223.5 1 0
github.com/IslamCHup/coworking-manager-project/internal/service/booking_service.go:223.10,225.5 1 0
github.com/IslamCHup/coworking-manager-project/internal/service/booking_service.go:229.2,230.22 2 0
github.com/IslamCHup/coworking-manager-project/internal/service/booking_service.go:233.64,236.27 2 0
github.com/IslamCHup/coworking-manager-project/internal/service/booking_service.go:236.27,238.3 1 0
github.com/IslamCHup/coworking-manager-project/internal/service/booking_service.go:240.2,240.54 1 0
github.com/IslamCHup/coworking-manager-project/internal/service/booking_service.go:240.54,244.3 1 0
github.com/IslamCHup/coworking-manager-project/internal/service/booking_service.go:246.2,246.26 1 0
github.com/IslamCHup/coworking-manager-project/internal/service/booking_service.go:246.26,248.3 1 0
github.com/IslamCHup/coworking-manager-project/internal/service/booking_service.go:250.2,251.16 2 0
github.com/IslamCHup/coworking-manager-project/internal/service/booking_service.go:251.16,253.3 1 0
github.com/IslamCHup/coworking-manager-project/internal/service/booking_service.go:255.2,256.16 2 0
github.com/IslamCHup/coworking-manager-project/internal/service/booking_service.go:256.16,258.3 1 0
github.com/IslamCHup/coworking-manager-project/internal/service/booking_service.go:260.2,260.17 1 0
github.com/IslamCHup/coworking-manager-project/internal/service/booking_service.go:260.17,262.3 1 0
github.com/IslamCHup/coworking-manager-project/internal/service/booking_service.go:264.2,264.33 1 0
github.com/IslamCHup/coworking-manager-project/internal/service/booking_service.go:268.70,269.20 1 0
github.com/IslamCHup/coworking-manager-project/internal/service/booking_service.go:269.20,271.3 1 0
github.com/IslamCHup/coworking-manager-project/internal/service/booking_service.go:273.2,275.6 3 0
github.com/IslamCHup/coworking-manager-project/internal/service/booking_service.go:275.6,277.17 2 0
github.com/IslamCHup/coworking-manager-project/internal/service/booking_service.go:277.17,280.4 2 0
github.com/IslamCHup/coworking-manager-project/internal/service/booking_service.go:282.3,282.20 1 0
github.com/IslamCHup/coworking-manager-project/internal/service/booking_service.go:282.20,283.58 1 0
github.com/IslamCHup/coworking-manager-project/internal/service/booking_service.go:283.58,285.5 1 0
github.com/IslamCHup/coworking-manager-project/internal/service/booking_service.go:285.10,288.5 2 0
github.com/IslamCHup/coworking-manager-project/internal/service/booking_service.go:291.3,292.18 2 0
github.com/IslamCHup/coworking-manager-project/internal/service/booking_service.go:292.18,293.9 1 0
github.com/IslamCHup/coworking-manager-project/internal/service/booking_service.go:297.2,297.15 1 0
github.com/IslamCHup/coworking-manager-project/internal/service/booking_service.go:297.15,299.3 1 0
github.com/IslamCHup/coworking-manager-project/internal/service/booking_service.go:303.85,305.16 2 0
github.com/IslamCHup/coworking-manager-project/internal/service/booking_service.go:305.16,308.3 2 0
github.com/IslamCHup/coworking-manager-project/internal/service/booking_service.go:310.2,312.16 2 0
github.com/IslamCHup/coworking-manager-project/internal/service/booking_service.go:312.16,314.3 1 0
github.com/IslamCHup/coworking-manager-project/internal/service/booking_service.go:316.2,317.16 2 0
github.com/IslamCHup/coworking-manager-project/internal/service/booking_service.go:317.16,319.3 1 0
github.com/IslamCHup/coworking-manager-project/internal/service/booking_service.go:321.2,321.23 1 0
github.com/IslamCHup/coworking-manager-project/internal/service/booking_service.go:321.23,323.3 1 0
github.com/IslamCHup/coworking-manager-project/internal/service/booking_service.go:324.2,324.24 1 0
github.com/IslamCHup/coworking-manager-project/internal/service/booking_service.go:324.24,326.3 1 0
github.com/IslamCHup/coworking-manager-project/internal/service/booking_service.go:327.2,327.26 1 0
github.com/IslamCHup/coworking-manager-project/internal/service/booking_service.go:327.26,329.3 1 0
github.com/IslamCHup/coworking-manager-project/internal/service/booking_service.go:330.2,330.24 1 0
github.com/IslamCHup/coworking-manager-project/internal/service/booking_service.go:330.24,332.3 1 0
github.com/IslamCHup/coworking-manager-project/internal/service/booking_service.go:334.2,334.48 1 0
github.com/IslamCHup/coworking-manager-project/internal/service/booking_service.go:334.48,336.25 2 0
github.com/IslamCHup/coworking-manager-project/internal/service/booking_service.go:336.25,338.4 1 0
github.com/IslamCHup/coworking-manager-project/internal/service/booking_service.go:340.3,349.17 4 0
github.com/IslamCHup/coworking-manager-project/internal/service/booking_service.go:349.17,352.4 2 0
github.com/IslamCHup/coworking-manager-project/internal/service/booking_service.go:353.3,353.24 1 0
github.com/IslamCHup/coworking-manager-project/internal/service/booking_service.go:353.24,355.4 1 0
github.com/IslamCHup/coworking-manager-project/internal/service/booking_service.go:358.3,359.17 2 0
github.com/IslamCHup/coworking-manager-project/internal/service/booking_service.go:359.17,362.4 2 0
github.com/IslamCHup/coworking-manager-project/internal/service/booking_service.go:365.3,365.72 1 0
github.com/IslamCHup/coworking-manager-project/internal/service/booking_service.go:368.2,368.55 1 0
github.com/IslamCHup/coworking-manager-project/internal/service/booking_service.go:368.55,371.3 2 0
github.com/IslamCHup/coworking-manager-project/internal/service/booking_service.go:373.2,373.20 1 0
github.com/IslamCHup/coworking-manager-project/internal/service/booking_service.go:373.20,376.3 2 0
github.com/IslamCHup/coworking-manager-project/internal/service/booking_service.go:378.2,378.12 1 0
github.com/IslamCHup/coworking-manager-project/internal/service/booking_service.go:381.92,383.16 2 0
github.com/IslamCHup/coworking-manager-project/internal/service/booking_service.go:383.16,385.3 1 0
github.com/IslamCHup/coworking-manager-project/internal/service/booking_service.go:387.2,387.25 1 0
github.com/IslamCHup/coworking-manager-project/internal/service/booking_service.go:387.25,389.3 1 0
github.com/IslamCHup/coworking-manager-project/internal/service/booking_service.go:391.2,395.21 3 0
github.com/IslamCHup/coworking-manager-project/internal/service/booking_service.go:396.78,397.64 1 0
github.com/IslamCHup/coworking-manager-project/internal/service/booking_service.go:397.64,399.4 1 0
github.com/IslamCHup/coworking-manager-project/internal/service/booking_service.go:400.3,400.21 1 0
github.com/IslamCHup/coworking-manager-project/internal/service/booking_service.go:400.21,403.4 2 0
github.com/IslamCHup/coworking-manager-project/internal/service/booking_service.go:404.3,404.13 1 0
github.com/IslamCHup/coworking-manager-project/internal/service/booking_service.go:405.10,406.78 1 0
github.com/IslamCHup/coworking-manager-project/internal/service/booking_service.go:410.104,412.50 1 0
github.com/IslamCHup/coworking-manager-project/internal/service/booking_service.go:412.50,415.103 2 0
github.com/IslamCHup/coworking-manager-project/internal/service/booking_service.go:415.103,418.4 2 0
github.com/IslamCHup/coworking-manager-project/internal/service/booking_service.go:420.3,424.30 3 0
github.com/IslamCHup/coworking-manager-project/internal/service/booking_service.go:425.79,425.79 0 0
github.com/IslamCHup/coworking-manager-project/internal/service/booking_service.go:427.11,428.79 1 0
github.com/IslamCHup/coworking-manager-project/internal/service/booking_service.go:432.3,432.39 1 0
github.com/IslamCHup/coworking-manager-project/internal/service/booking_service.go:432.39,435.4 2 0
github.com/IslamCHup/coworking-manager-project/internal/service/booking_service.go:438.3,441.50 2 0
github.com/IslamCHup/coworking-manager-project/internal/service/booking_service.go:441.50,443.43 1 0
github.com/IslamCHup/coworking-manager-project/internal/service/booking_service.go:443.43,446.5 2 0
github.com/IslamCHup/coworking-manager-project/internal/service/booking_service.go:449.4,450.81 1 0
github.com/IslamCHup/coworking-manager-project/internal/service/booking_service.go:450.81,453.5 2 0
github.com/IslamCHup/coworking-manager-project/internal/service/booking_service.go:455.4,455.88 1 0
github.com/IslamCHup/coworking-manager-project/internal/service/booking_service.go:459.3,459.142 1 0
github.com/IslamCHup/coworking-manager-project/internal/service/booking_service.go:459.142,462.81 1 0
github.com/IslamCHup/coworking-manager-project/internal/service/booking_service.go:462.81,465.5 2 0
github.com/IslamCHup/coworking-manager-project/internal/service/booking_service.go:467.4,467.88 1 0
github.com/IslamCHup/coworking-manager-project/internal/service/booking_service.go:471.3,472.117 2 0
github.com/IslamCHup/coworking-manager-project/internal/service/booking_service.go:472.117,475.4 2 0
github.com/IslamCHup/coworking-manager-project/internal/service/booking_service.go:477.3,483.13 2 0
github.com/IslamCHup/coworking-manager-project/internal/service/booking_service.go:486.2,486.16 1 0
github.com/IslamCHup/coworking-manager-project/internal/service/booking_service.go:486.16,488.3 1 0
github.com/IslamCHup/coworking-manager-project/internal/service/booking_service.go:491.2,491.20 1 0
github.com/IslamCHup/coworking-manager-project/internal/service/booking_service.go:491.20,494.3 2 0
github.com/IslamCHup/coworking-manager-project/internal/service/booking_service.go:496.2,496.12 1 0
github.com/IslamCHup/coworking-manager-project/internal/service/place_service.go:24.86,26.2 1 0
github.com/IslamCHup/coworking-manager-project/internal/service/place_service.go:28.88,30.16 2 0
github.com/IslamCHup/coworking-manager-project/internal/service/place_service.go:30.16,32.3 1 0
github.com/IslamCHup/coworking-manager-project/internal/service/place_service.go:33.2,33.20 1 0
github.com/IslamCHup/coworking-manager-project/internal/service/place_service.go:36.69,38.16 2 0
github.com/IslamCHup/coworking-manager-project/internal/service/place_service.go:38.16,39.45 1 0
github.com/IslamCHup/coworking-manager-project/internal/service/place_service.go:39.45,41.4 1 0
github.com/IslamCHup/coworking-manager-project/internal/service/place_service.go:42.3,42.18 1 0
github.com/IslamCHup/coworking-manager-project/internal/service/place_service.go:44.2,44.19 1 0
github.com/IslamCHup/coworking-manager-project/internal/service/place_service.go:47.92,49.16 2 0
github.com/IslamCHup/coworking-manager-project/internal/service/place_service.go:49.16,51.3 1 0
github.com/IslamCHup/coworking-manager-project/internal/service/place_service.go:52.2,52.20 1 0
github.com/IslamCHup/coworking-manager-project/internal/service/refresh_token_service.go:31.18,37.2 1 0
github.com/IslamCHup/coworking-manager-project/internal/service/refresh_token_service.go:39.44,42.2 2 0
github.com/IslamCHup/coworking-manager-project/internal/service/refresh_token_service.go:44.45,46.40 2 0
github.com/IslamCHup/coworking-manager-project/internal/service/refresh_token_service.go:46.40,48.3 1 0
github.com/IslamCHup/coworking-manager-project/internal/service/refresh_token_service.go:49.2,49.35 1 0
github.com/IslamCHup/coworking-manager-project/internal/service/refresh_token_service.go:52.69,53.17 1 0
github.com/IslamCHup/coworking-manager-project/internal/service/refresh_token_service.go:53.17,55.3 1 0
github.com/IslamCHup/coworking-manager-project/internal/service/refresh_token_service.go:57.2,57.61 1 0
github.com/IslamCHup/coworking-manager-project/internal/service/refresh_token_service.go:57.61,64.3 2 0
github.com/IslamCHup/coworking-manager-project/internal/service/refresh_token_service.go:66.2,67.16 2 0
github.com/IslamCHup/coworking-manager-project/internal/service/refresh_token_service.go:67.16,69.3 1 0
github.com/IslamCHup/coworking-manager-project/internal/service/refresh_token_service.go:71.2,79.59 3 0
github.com/IslamCHup/coworking-manager-project/internal/service/refresh_token_service.go:79.59,81.3 1 0
github.com/IslamCHup/coworking-manager-project/internal/service/refresh_token_service.go:83.2,88.24 2 0
github.com/IslamCHup/coworking-manager-project/internal/service/refresh_token_service.go:91.79,92.24 1 0
github.com/IslamCHup/coworking-manager-project/internal/service/refresh_token_service.go:92.24,94.3 1 0
github.com/IslamCHup/coworking-manager-project/internal/service/refresh_token_service.go:96.2,99.16 3 0
github.com/IslamCHup/coworking-manager-project/internal/service/refresh_token_service.go:99.16,102.3 2 0
github.com/IslamCHup/coworking-manager-project/internal/service/refresh_token_service.go:104.2,104.40 1 0
github.com/IslamCHup/coworking-manager-project/internal/service/refresh_token_service.go:104.40,108.3 3 0
github.com/IslamCHup/coworking-manager-project/internal/service/refresh_token_service.go:110.2,110.68 1 0
github.com/IslamCHup/coworking-manager-project/internal/service/refresh_token_service.go:110.68,117.3 2 0
github.com/IslamCHup/coworking-manager-project/internal/service/refresh_token_service.go:119.2,120.16 2 0
github.com/IslamCHup/coworking-manager-project/internal/service/refresh_token_service.go:120.16,122.3 1 0
github.com/IslamCHup/coworking-manager-project/internal/service/refresh_token_service.go:124.2,132.59 3 0
github.com/IslamCHup/coworking-manager-project/internal/service/refresh_token_service.go:132.59,134.3 1 0
github.com/IslamCHup/coworking-manager-project/internal/service/refresh_token_service.go:136.2,137.16 2 0
github.com/IslamCHup/coworking-manager-project/internal/service/refresh_token_service.go:137.16,139.3 1 0
github.com/IslamCHup/coworking-manager-project/internal/service/refresh_token_service.go:141.2,146.32 2 0
github.com/IslamCHup/coworking-manager-project/internal/service/refresh_token_service.go:149.60,150.24 1 0
github.com/IslamCHup/coworking-manager-project/internal/service/refresh_token_service.go:150.24,152.3 1 0
github.com/IslamCHup/coworking-manager-project/internal/service/refresh_token_service.go:154.2,156.57 2 0
github.com/IslamCHup/coworking-manager-project/internal/service/refresh_token_service.go:156.57,159.3 2 0
github.com/IslamCHup/coworking-manager-project/internal/service/refresh_token_service.go:161.2,162.12 2 0
github.com/IslamCHup/coworking-manager-project/internal/service/riew_service.go:23.86,25.2 1 0
github.com/IslamCHup/coworking-manager-project/internal/service/riew_service.go:26.82,27.38 1 0
github.com/IslamCHup/coworking-manager-project/internal/service/riew_service.go:27.38,29.3 1 0
github.com/IslamCHup/coworking-manager-project/internal/service/riew_service.go:30.2,30.20 1 0
github.com/IslamCHup/coworking-manager-project/internal/service/riew_service.go:30.20,32.3 1 0
github.com/IslamCHup/coworking-manager-project/internal/service/riew_service.go:33.2,33.23 1 0
github.com/IslamCHup/coworking-manager-project/internal/service/riew_service.go:33.23,35.3 1 0
github.com/IslamCHup/coworking-manager-project/internal/service/riew_service.go:36.2,36.25 1 0
github.com/IslamCHup/coworking-manager-project/internal/service/riew_service.go:36.25,38.3 1 0
github.com/IslamCHup/coworking-manager-project/internal/service/riew_service.go:39.2,39.21 1 0
github.com/IslamCHup/coworking-manager-project/internal/service/riew_service.go:39.21,41.3 1 0
github.com/IslamCHup/coworking-manager-project/internal/service/riew_service.go:42.2,42.22 1 0
github.com/IslamCHup/coworking-manager-project/internal/service/riew_service.go:42.22,44.3 1 0
github.com/IslamCHup/coworking-manager-project/internal/service/riew_service.go:45.2,53.16 3 0
github.com/IslamCHup/coworking-manager-project/internal/service/riew_service.go:53.16,55.3 1 0
github.com/IslamCHup/coworking-manager-project/internal/service/riew_service.go:56.2,56.20 1 0
github.com/IslamCHup/coworking-manager-project/internal/service/riew_service.go:59.70,61.16 2 0
github.com/IslamCHup/coworking-manager-project/internal/service/riew_service.go:61.16,62.45 1 0
github.com/IslamCHup/coworking-manager-project/internal/service/riew_service.go:62.45,64.4 1 0
github.com/IslamCHup/coworking-manager-project/internal/service/riew_service.go:65.3,65.32 1 0
github.com/IslamCHup/coworking-manager-project/internal/service/riew_service.go:67.2,67.20 1 0
github.com/IslamCHup/coworking-manager-project/internal/service/riew_service.go:69.99,71.16 2 0
github.com/IslamCHup/coworking-manager-project/internal/service/riew_service.go:71.16,73.3 1 0
github.com/IslamCHup/coworking-manager-project/internal/service/riew_service.go:75.2,75.20 1 0
github.com/IslamCHup/coworking-manager-project/internal/service/riew_service.go:75.20,76.24 1 0
github.com/IslamCHup/coworking-manager-project/internal/service/riew_service.go:76.24,78.4 1 0
github.com/IslamCHup/coworking-manager-project/internal/service/riew_service.go:79.3,79.26 1 0
github.com/IslamCHup/coworking-manager-project/internal/service/riew_service.go:79.26,81.4 1 0
github.com/IslamCHup/coworking-manager-project/internal/service/riew_service.go:82.3,82.25 1 0
github.com/IslamCHup/coworking-manager-project/internal/service/riew_service.go:85.2,85.21 1 0
github.com/IslamCHup/coworking-manager-project/internal/service/riew_service.go:85.21,86.39 1 0
github.com/IslamCHup/coworking-manager-project/internal/service/riew_service.go:86.39,88.4 1 0
github.com/IslamCHup/coworking-manager-project/internal/service/riew_service.go:89.3,89.29 1 0
github.com/IslamCHup/coworking-manager-project/internal/service/riew_service.go:92.2,93.16 2 0
github.com/IslamCHup/coworking-manager-project/internal/service/riew_service.go:93.16,95.3 1 0
github.com/IslamCHup/coworking-manager-project/internal/service/riew_service.go:97.2,97.20 1 0
github.com/IslamCHup/coworking-manager-project/internal/service/riew_service.go:100.53,102.16 2 0
github.com/IslamCHup/coworking-manager-project/internal/service/riew_service.go:102.16,103.45 1 0
github.com/IslamCHup/coworking-manager-project/internal/service/riew_service.go:103.45,105.4 1 0
github.com/IslamCHup/coworking-manager-project/internal/service/riew_service.go:106.3,106.13 1 0
github.com/IslamCHup/coworking-manager-project/internal/service/riew_service.go:109.2,110.16 2 0
github.com/IslamCHup/coworking-manager-project/internal/service/riew_service.go:110.16,112.3 1 0
github.com/IslamCHup/coworking-manager-project/internal/service/riew_service.go:114.2,114.12 1 0
github.com/IslamCHup/coworking-manager-project/internal/service/user_service.go:26.15,31.2 1 0
github.com/IslamCHup/coworking-manager-project/internal/service/user_service.go:33.81,35.16 2 0
github.com/IslamCHup/coworking-manager-project/internal/service/user_service.go:35.16,37.3 1 0
github.com/IslamCHup/coworking-manager-project/internal/service/user_service.go:39.2,40.34 2 0
github.com/IslamCHup/coworking-manager-project/internal/service/user_service.go:40.34,49.3 1 0
github.com/IslamCHup/coworking-manager-project/internal/service/user_service.go:51.2,58.8 1 0
github.com/IslamCHup/coworking-manager-project/internal/service/user_service.go:61.79,63.16 2 0
github.com/IslamCHup/coworking-manager-project/internal/service/user_service.go:63.16,70.3 2 0
github.com/IslamCHup/coworking-manager-project/internal/service/user_service.go:72.2,72.26 1 0
github.com/IslamCHup/coworking-manager-project/internal/service/user_service.go:72.26,74.3 1 0
github.com/IslamCHup/coworking-manager-project/internal/service/user_service.go:76.2,76.25 1 0
github.com/IslamCHup/coworking-manager-project/internal/service/user_service.go:76.25,78.3 1 0
github.com/IslamCHup/coworking-manager-project/internal/service/user_service.go:80.2,80.48 1 0
github.com/IslamCHup/coworking-manager-project/internal/service/user_service.go:80.48,87.3 2 0
github.com/IslamCHup/coworking-manager-project/internal/service/user_service.go:89.2,90.12 2 0
github.com/IslamCHup/coworking-manager-project/internal/service/user_service.go:93.53,94.50 1 0
github.com/IslamCHup/coworking-manager-project/internal/service/user_service.go:94.50,101.3 2 0
github.com/IslamCHup/coworking-manager-project/internal/service/user_service.go:103.2,104.12 2 0
github.com/IslamCHup/coworking-manager-project/internal/service/user_service.go:107.71,109.16 2 0
github.com/IslamCHup/coworking-manager-project/internal/service/user_service.go:109.16,111.3 1 0
github.com/IslamCHup/coworking-manager-project/internal/service/user_service.go:113.2,114.26 2 0
github.com/IslamCHup/coworking-manager-project/internal/service/user_service.go:114.26,122.3 1 0
github.com/IslamCHup/coworking-manager-project/internal/service/user_service.go:124.2,124.20 1 0
github.com/IslamCHup/coworking-manager-project/internal/service/user_service.go:127.72,128.65 1 0
github.com/IslamCHup/coworking-manager-project/internal/service/user_service.go:128.65,136.3 2 0
github.com/IslamCHup/coworking-manager-project/internal/service/user_service.go:138.2,143.12 2 0
github.com/IslamCHup/coworking-manager-project/cmd/api/main.go:20.13,23.40 2 0
github.com/IslamCHup/coworking-manager-project/cmd/api/main.go:23.40,25.3 1 0
github.com/IslamCHup/coworking-manager-project/cmd/api/main.go:27.2,28.15 2 0
github.com/IslamCHup/coworking-manager-project/cmd/api/main.go:28.15,30.3 1 0
github.com/IslamCHup/coworking-manager-project/cmd/api/main.go:32.2,33.16 2 0
github.com/IslamCHup/coworking-manager-project/cmd/api/main.go:33.16,36.3 2 0
github.com/IslamCHup/coworking-manager-project/cmd/api/main.go:36.8,38.3 1 0
github.com/IslamCHup/coworking-manager-project/cmd/api/main.go:40.2,40.12 1 0
github.com/IslamCHup/coworking-manager-project/cmd/api/main.go:40.12,42.3 1 0
github.com/IslamCHup/coworking-manager-project/cmd/api/main.go:44.2,51.16 1 0
github.com/IslamCHup/coworking-manager-project/cmd/api/main.go:51.16,54.3 2 0
github.com/IslamCHup/coworking-manager-project/cmd/api/main.go:56.2,76.55 17 0
github.com/IslamCHup/coworking-manager-project/cmd/api/main.go:76.55,78.3 1 0
github.com/IslamCHup/coworking-manager-project/internal/redis/redis.go:12.40,25.44 4 0
github.com/IslamCHup/coworking-manager-project/internal/redis/redis.go:25.44,27.3 1 0
github.com/IslamCHup/coworking-manager-project/internal/redis/redis.go:29.2,29.17 1 0
github.com/IslamCHup/coworking-manager-project/internal/repository/admin_repository.go:21.75,26.2 1 0
github.com/IslamCHup/coworking-manager-project/internal/repository/admin_repository.go:28.80,30.75 2 0
github.com/IslamCHup/coworking-manager-project/internal/repository/admin_repository.go:30.75,33.3 2 0
github.com/IslamCHup/coworking-manager-project/internal/repository/admin_repository.go:34.2,35.20 2 0
github.com/IslamCHup/coworking-manager-project/internal/repository/admin_repository.go:38.66,39.49 1 0
github.com/IslamCHup/coworking-manager-project/internal/repository/admin_repository.go:39.49,42.3 2 0
github.com/IslamCHup/coworking-manager-project/internal/repository/admin_repository.go:43.2,44.12 2 0
github.com/IslamCHup/coworking-manager-project/internal/repository/admin_repository.go:47.66,48.47 1 0
github.com/IslamCHup/coworking-manager-project/internal/repository/admin_repository.go:48.47,51.3 2 0
github.com/IslamCHup/coworking-manager-project/internal/repository/admin_repository.go:52.2,53.12 2 0
github.com/IslamCHup/coworking-manager-project/internal/repository/auth_repository.go:23.18,28.2 1 0
github.com/IslamCHup/coworking-manager-project/internal/repository/auth_repository.go:30.62,32.16 2 0
github.com/IslamCHup/coworking-manager-project/internal/repository/auth_repository.go:32.16,39.3 2 0
github.com/IslamCHup/coworking-manager-project/internal/repository/auth_repository.go:41.2,45.12 2 0
github.com/IslamCHup/coworking-manager-project/internal/repository/auth_repository.go:48.77,55.16 3 0
github.com/IslamCHup/coworking-manager-project/internal/repository/auth_repository.go:55.16,62.3 2 0
github.com/IslamCHup/coworking-manager-project/internal/repository/auth_repository.go:64.2,64.19 1 0
github.com/IslamCHup/coworking-manager-project/internal/repository/booking_repository.go:25.79,27.2 1 0
github.com/IslamCHup/coworking-manager-project/internal/repository/booking_repository.go:29.70,31.47 2 0
github.com/IslamCHup/coworking-manager-project/internal/repository/booking_repository.go:31.47,35.3 3 0
github.com/IslamCHup/coworking-manager-project/internal/repository/booking_repository.go:36.2,37.12 2 0
github.com/IslamCHup/coworking-manager-project/internal/repository/booking_repository.go:40.78,46.22 4 0
github.com/IslamCHup/coworking-manager-project/internal/repository/booking_repository.go:46.22,50.3 3 0
github.com/IslamCHup/coworking-manager-project/internal/repository/booking_repository.go:52.2,52.27 1 0
github.com/IslamCHup/coworking-manager-project/internal/repository/booking_repository.go:52.27,55.3 2 0
github.com/IslamCHup/coworking-manager-project/internal/repository/booking_repository.go:56.2,58.22 2 0
github.com/IslamCHup/coworking-manager-project/internal/repository/booking_repository.go:61.70,62.45 1 0
github.com/IslamCHup/coworking-manager-project/internal/repository/booking_repository.go:62.45,69.3 2 0
github.com/IslamCHup/coworking-manager-project/internal/repository/booking_repository.go:71.2,75.12 2 0
github.com/IslamCHup/coworking-manager-project/internal/repository/booking_repository.go:78.51,83.27 3 0
github.com/IslamCHup/coworking-manager-project/internal/repository/booking_repository.go:83.27,86.3 2 0
github.com/IslamCHup/coworking-manager-project/internal/repository/booking_repository.go:88.2,88.22 1 0
github.com/IslamCHup/coworking-manager-project/internal/repository/booking_repository.go:88.22,92.3 3 0
github.com/IslamCHup/coworking-manager-project/internal/repository/booking_repository.go:93.2,94.12 2 0
github.com/IslamCHup/coworking-manager-project/internal/repository/booking_repository.go:97.97,98.19 1 0
github.com/IslamCHup/coworking-manager-project/internal/repository/booking_repository.go:98.19,105.3 1 0
github.com/IslamCHup/coworking-manager-project/internal/repository/booking_repository.go:106.2,106.49 1 0
github.com/IslamCHup/coworking-manager-project/internal/repository/booking_repository.go:106.49,108.3 1 0
github.com/IslamCHup/coworking-manager-project/internal/repository/booking_repository.go:109.2,109.23 1 0
github.com/IslamCHup/coworking-manager-project/internal/repository/booking_repository.go:109.23,111.3 1 0
github.com/IslamCHup/coworking-manager-project/internal/repository/booking_repository.go:112.2,112.25 1 0
github.com/IslamCHup/coworking-manager-project/internal/repository/booking_repository.go:112.25,114.3 1 0
github.com/IslamCHup/coworking-manager-project/internal/repository/booking_repository.go:115.2,115.24 1 0
github.com/IslamCHup/coworking-manager-project/internal/repository/booking_repository.go:115.24,117.3 1 0
github.com/IslamCHup/coworking-manager-project/internal/repository/booking_repository.go:119.2,124.20 4 0
github.com/IslamCHup/coworking-manager-project/internal/repository/booking_repository.go:124.20,126.3 1 0
github.com/IslamCHup/coworking-manager-project/internal/repository/booking_repository.go:128.2,128.26 1 0
github.com/IslamCHup/coworking-manager-project/internal/repository/booking_repository.go:128.26,130.3 1 0
github.com/IslamCHup/coworking-manager-project/internal/repository/booking_repository.go:132.2,132.28 1 0
github.com/IslamCHup/coworking-manager-project/internal/repository/booking_repository.go:132.28,134.3 1 0
github.com/IslamCHup/coworking-manager-project/internal/repository/booking_repository.go:135.2,135.28 1 0
github.com/IslamCHup/coworking-manager-project/internal/repository/booking_repository.go:135.28,137.3 1 0
github.com/IslamCHup/coworking-manager-project/internal/repository/booking_repository.go:139.2,139.54 1 0
github.com/IslamCHup/coworking-manager-project/internal/repository/booking_repository.go:139.54,141.3 1 0
github.com/IslamCHup/coworking-manager-project/internal/repository/booking_repository.go:141.8,141.36 1 0
github.com/IslamCHup/coworking-manager-project/internal/repository/booking_repository.go:141.36,143.3 1 0
github.com/IslamCHup/coworking-manager-project/internal/repository/booking_repository.go:143.8,143.34 1 0
github.com/IslamCHup/coworking-manager-project/internal/repository/booking_repository.go:143.34,145.3 1 0
github.com/IslamCHup/coworking-manager-project/internal/repository/booking_repository.go:147.2,156.22 4 0
github.com/IslamCHup/coworking-manager-project/internal/repository/booking_repository.go:156.22,158.3 1 0
github.com/IslamCHup/coworking-manager-project/internal/repository/booking_repository.go:159.2,160.39 2 0
github.com/IslamCHup/coworking-manager-project/internal/repository/booking_repository.go:160.39,162.3 1 0
github.com/IslamCHup/coworking-manager-project/internal/repository/booking_repository.go:164.2,167.22 3 0
github.com/IslamCHup/coworking-manager-project/internal/repository/booking_repository.go:167.22,169.3 1 0
github.com/IslamCHup/coworking-manager-project/internal/repository/booking_repository.go:170.2,170.23 1 0
github.com/IslamCHup/coworking-manager-project/internal/repository/booking_repository.go:170.23,172.3 1 0
github.com/IslamCHup/coworking-manager-project/internal/repository/booking_repository.go:174.2,176.24 2 0
github.com/IslamCHup/coworking-manager-project/internal/repository/booking_repository.go:176.24,179.3 2 0
github.com/IslamCHup/coworking-manager-project/internal/repository/booking_repository.go:180.2,181.22 2 0
github.com/IslamCHup/coworking-manager-project/internal/repository/booking_repository.go:184.76,186.25 2 0
github.com/IslamCHup/coworking-manager-project/internal/repository/booking_repository.go:186.25,189.3 2 0
github.com/IslamCHup/coworking-manager-project/internal/repository/booking_repository.go:191.2,191.30 1 0
github.com/IslamCHup/coworking-manager-project/internal/repository/booking_repository.go:191.30,194.3 2 0
github.com/IslamCHup/coworking-manager-project/internal/repository/booking_repository.go:195.2,195.12 1 0
github.com/IslamCHup/coworking-manager-project/internal/repository/place_repository.go:24.75,29.2 1 0
github.com/IslamCHup/coworking-manager-project/internal/repository/place_repository.go:31.64,32.47 1 0
github.com/IslamCHup/coworking-manager-project/internal/repository/place_repository.go:32.47,35.3 2 0
github.com/IslamCHup/coworking-manager-project/internal/repository/place_repository.go:36.2,37.12 2 0
github.com/IslamCHup/coworking-manager-project/internal/repository/place_repository.go:40.72,42.53 2 0
github.com/IslamCHup/coworking-manager-project/internal/repository/place_repository.go:42.53,45.3 2 0
github.com/IslamCHup/coworking-manager-project/internal/repository/place_repository.go:46.2,47.20 2 0
github.com/IslamCHup/coworking-manager-project/internal/repository/place_repository.go:50.64,51.45 1 0
github.com/IslamCHup/coworking-manager-project/internal/repository/place_repository.go:51.45,54.3 2 0
github.com/IslamCHup/coworking-manager-project/internal/repository/place_repository.go:55.2,56.12 2 0
github.com/IslamCHup/coworking-manager-project/internal/repository/place_repository.go:59.54,60.63 1 0
github.com/IslamCHup/coworking-manager-project/internal/repository/place_repository.go:60.63,63.3 2 0
github.com/IslamCHup/coworking-manager-project/internal/repository/place_repository.go:64.2,65.12 2 0
github.com/IslamCHup/coworking-manager-project/internal/repository/place_repository.go:68.91,69.19 1 0
github.com/IslamCHup/coworking-manager-project/internal/repository/place_repository.go:69.19,71.3 1 0
github.com/IslamCHup/coworking-manager-project/internal/repository/place_repository.go:72.2,72.45 1 0
github.com/IslamCHup/coworking-manager-project/internal/repository/place_repository.go:72.45,74.3 1 0
github.com/IslamCHup/coworking-manager-project/internal/repository/place_repository.go:75.2,75.23 1 0
github.com/IslamCHup/coworking-manager-project/internal/repository/place_repository.go:75.23,77.3 1 0
github.com/IslamCHup/coworking-manager-project/internal/repository/place_repository.go:78.2,78.25 1 0
github.com/IslamCHup/coworking-manager-project/internal/repository/place_repository.go:78.25,80.3 1 0
github.com/IslamCHup/coworking-manager-project/internal/repository/place_repository.go:81.2,81.24 1 0
github.com/IslamCHup/coworking-manager-project/internal/repository/place_repository.go:81.24,83.3 1 0
github.com/IslamCHup/coworking-manager-project/internal/repository/place_repository.go:85.2,88.24 3 0
github.com/IslamCHup/coworking-manager-project/internal/repository/place_repository.go:88.24,90.3 1 0
github.com/IslamCHup/coworking-manager-project/internal/repository/place_repository.go:91.2,91.28 1 0
github.com/IslamCHup/coworking-manager-project/internal/repository/place_repository.go:91.28,93.3 1 0
github.com/IslamCHup/coworking-manager-project/internal/repository/place_repository.go:95.2,97.22 3 0
github.com/IslamCHup/coworking-manager-project/internal/repository/place_repository.go:97.22,99.3 1 0
github.com/IslamCHup/coworking-manager-project/internal/repository/place_repository.go:100.2,101.39 2 0
github.com/IslamCHup/coworking-manager-project/internal/repository/place_repository.go:101.39,103.3 1 0
github.com/IslamCHup/coworking-manager-project/internal/repository/place_repository.go:105.2,107.50 2 0
github.com/IslamCHup/coworking-manager-project/internal/repository/place_repository.go:107.50,110.3 2 0
github.com/IslamCHup/coworking-manager-project/internal/repository/place_repository.go:111.2,112.21 2 0
github.com/IslamCHup/coworking-manager-project/internal/repository/place_repository.go:117.95,125.71 4 0
github.com/IslamCHup/coworking-manager-project/internal/repository/place_repository.go:125.71,128.3 1 0
github.com/IslamCHup/coworking-manager-project/internal/repository/place_repository.go:128.8,132.3 1 0
github.com/IslamCHup/coworking-manager-project/internal/repository/place_repository.go:134.2,136.19 2 0
github.com/IslamCHup/coworking-manager-project/internal/repository/place_repository.go:136.19,137.46 1 0
github.com/IslamCHup/coworking-manager-project/internal/repository/place_repository.go:137.46,139.4 1 0
github.com/IslamCHup/coworking-manager-project/internal/repository/place_repository.go:140.3,140.24 1 0
github.com/IslamCHup/coworking-manager-project/internal/repository/place_repository.go:140.24,142.4 1 0
github.com/IslamCHup/coworking-manager-project/internal/repository/place_repository.go:143.3,143.58 1 0
github.com/IslamCHup/coworking-manager-project/internal/repository/place_repository.go:146.2,146.50 1 0
github.com/IslamCHup/coworking-manager-project/internal/repository/place_repository.go:146.50,149.3 2 0
github.com/IslamCHup/coworking-manager-project/internal/repository/place_repository.go:151.2,152.21 2 0
github.com/IslamCHup/coworking-manager-project/internal/repository/refresh_token_repository.go:22.89,27.2 1 0
github.com/IslamCHup/coworking-manager-project/internal/repository/refresh_token_repository.go:29.80,30.49 1 0
github.com/IslamCHup/coworking-manager-project/internal/repository/refresh_token_repository.go:30.49,37.3 2 0
github.com/IslamCHup/coworking-manager-project/internal/repository/refresh_token_repository.go:39.2,43.12 2 0
github.com/IslamCHup/coworking-manager-project/internal/repository/refresh_token_repository.go:46.87,49.79 2 0
github.com/IslamCHup/coworking-manager-project/internal/repository/refresh_token_repository.go:49.79,52.3 2 0
github.com/IslamCHup/coworking-manager-project/internal/repository/refresh_token_repository.go:54.2,54.20 1 0
github.com/IslamCHup/coworking-manager-project/internal/repository/refresh_token_repository.go:57.66,59.52 1 0
github.com/IslamCHup/coworking-manager-project/internal/repository/refresh_token_repository.go:59.52,66.3 2 0
github.com/IslamCHup/coworking-manager-project/internal/repository/refresh_token_repository.go:68.2,69.12 2 0
github.com/IslamCHup/coworking-manager-project/internal/repository/refresh_token_repository.go:72.68,74.52 1 0
github.com/IslamCHup/coworking-manager-project/internal/repository/refresh_token_repository.go:74.52,81.3 2 0
github.com/IslamCHup/coworking-manager-project/internal/repository/refresh_token_repository.go:83.2,84.12 2 0
github.com/IslamCHup/coworking-manager-project/internal/repository/review_repository.go:25.56,27.2 1 0
github.com/IslamCHup/coworking-manager-project/internal/repository/review_repository.go:28.92,31.16 3 0
github.com/IslamCHup/coworking-manager-project/internal/repository/review_repository.go:31.16,32.45 1 0
github.com/IslamCHup/coworking-manager-project/internal/repository/review_repository.go:32.45,34.4 1 0
github.com/IslamCHup/coworking-manager-project/internal/repository/review_repository.go:35.3,35.18 1 0
github.com/IslamCHup/coworking-manager-project/internal/repository/review_repository.go:37.2,37.20 1 0
github.com/IslamCHup/coworking-manager-project/internal/repository/review_repository.go:39.70,40.19 1 0
github.com/IslamCHup/coworking-manager-project/internal/repository/review_repository.go:40.19,42.3 1 0
github.com/IslamCHup/coworking-manager-project/internal/repository/review_repository.go:43.2,43.50 1 0
github.com/IslamCHup/coworking-manager-project/internal/repository/review_repository.go:43.50,45.3 1 0
github.com/IslamCHup/coworking-manager-project/internal/repository/review_repository.go:46.2,46.12 1 0
github.com/IslamCHup/coworking-manager-project/internal/repository/review_repository.go:48.71,51.16 3 0
github.com/IslamCHup/coworking-manager-project/internal/repository/review_repository.go:51.16,52.45 1 0
github.com/IslamCHup/coworking-manager-project/internal/repository/review_repository.go:52.45,54.4 1 0
github.com/IslamCHup/coworking-manager-project/internal/repository/review_repository.go:55.3,55.18 1 0
github.com/IslamCHup/coworking-manager-project/internal/repository/review_repository.go:57.2,57.21 1 0
github.com/IslamCHup/coworking-manager-project/internal/repository/review_repository.go:59.70,61.2 1 0
github.com/IslamCHup/coworking-manager-project/internal/repository/review_repository.go:62.56,64.25 2 0
github.com/IslamCHup/coworking-manager-project/internal/repository/review_repository.go:64.25,66.3 1 0
github.com/IslamCHup/coworking-manager-project/internal/repository/review_repository.go:67.2,67.30 1 0
github.com/IslamCHup/coworking-manager-project/internal/repository/review_repository.go:67.30,69.3 1 0
github.com/IslamCHup/coworking-manager-project/internal/repository/review_repository.go:70.2,70.12 1 0
github.com/IslamCHup/coworking-manager-project/internal/repository/user_repository.go:27.73,32.2 1 0
github.com/IslamCHup/coworking-manager-project/internal/repository/user_repository.go:34.69,40.38 2 0
github.com/IslamCHup/coworking-manager-project/internal/repository/user_repository.go:40.38,44.3 2 0
github.com/IslamCHup/coworking-manager-project/internal/repository/user_repository.go:46.2,47.19 2 0
github.com/IslamCHup/coworking-manager-project/internal/repository/user_repository.go:50.77,55.34 2 0
github.com/IslamCHup/coworking-manager-project/internal/repository/user_repository.go:55.34,59.3 2 0
github.com/IslamCHup/coworking-manager-project/internal/repository/user_repository.go:61.2,62.19 2 0
github.com/IslamCHup/coworking-manager-project/internal/repository/user_repository.go:65.62,66.48 1 0
github.com/IslamCHup/coworking-manager-project/internal/repository/user_repository.go:66.48,73.3 2 0
github.com/IslamCHup/coworking-manager-project/internal/repository/user_repository.go:75.2,80.12 2 0
github.com/IslamCHup/coworking-manager-project/internal/repository/user_repository.go:83.62,84.46 1 0
github.com/IslamCHup/coworking-manager-project/internal/repository/user_repository.go:84.46,91.3 2 0
github.com/IslamCHup/coworking-manager-project/internal/repository/user_repository.go:93.2,97.12 2 0
github.com/IslamCHup/coworking-manager-project/internal/repository/user_repository.go:100.52,102.22 2 0
github.com/IslamCHup/coworking-manager-project/internal/repository/user_repository.go:102.22,105.3 2 0
github.com/IslamCHup/coworking-manager-project/internal/repository/user_repository.go:107.2,112.12 2 0
github.com/IslamCHup/coworking-manager-project/internal/repository/user_repository.go:115.63,118.48 2 0
github.com/IslamCHup/coworking-manager-project/internal/repository/user_repository.go:118.48,121.3 2 0
github.com/IslamCHup/coworking-manager-project/internal/repository/user_repository.go:123.2,124.19 2 0
github.com/IslamCHup/coworking-manager-project/internal/repository/user_repository.go:127.75,133.25 2 0
github.com/IslamCHup/coworking-manager-project/internal/repository/user_repository.go:133.25,141.3 2 0
github.com/IslamCHup/coworking-manager-project/internal/repository/user_repository.go:143.2,143.30 1 0
github.com/IslamCHup/coworking-manager-project/internal/repository/user_repository.go:143.30,146.3 2 0
github.com/IslamCHup/coworking-manager-project/internal/repository/user_repository.go:148.2,153.12 2 0
github.com/IslamCHup/coworking-manager-project/internal/transport/admin_handler.go:27.17,33.2 1 0
github.com/IslamCHup/coworking-manager-project/internal/transport/admin_handler.go:35.89,49.2 9 0
github.com/IslamCHup/coworking-manager-project/internal/transport/admin_handler.go:51.46,53.13 2 0
github.com/IslamCHup/coworking-manager-project/internal/transport/admin_handler.go:53.13,56.3 2 0
github.com/IslamCHup/coworking-manager-project/internal/transport/admin_handler.go:58.2,62.4 2 0
github.com/IslamCHup/coworking-manager-project/internal/transport/admin_handler.go:65.52,67.16 2 0
github.com/IslamCHup/coworking-manager-project/internal/transport/admin_handler.go:67.16,71.3 3 0
github.com/IslamCHup/coworking-manager-project/internal/transport/admin_handler.go:72.2,72.30 1 0
github.com/IslamCHup/coworking-manager-project/internal/transport/admin_handler.go:75.51,78.16 3 0
github.com/IslamCHup/coworking-manager-project/internal/transport/admin_handler.go:78.16,82.3 3 0
github.com/IslamCHup/coworking-manager-project/internal/transport/admin_handler.go:84.2,85.47 2 0
github.com/IslamCHup/coworking-manager-project/internal/transport/admin_handler.go:85.47,89.3 3 0
github.com/IslamCHup/coworking-manager-project/internal/transport/admin_handler.go:91.2,91.68 1 0
github.com/IslamCHup/coworking-manager-project/internal/transport/admin_handler.go:91.68,93.45 2 0
github.com/IslamCHup/coworking-manager-project/internal/transport/admin_handler.go:93.45,96.4 2 0
github.com/IslamCHup/coworking-manager-project/internal/transport/admin_handler.go:97.3,98.9 2 0
github.com/IslamCHup/coworking-manager-project/internal/transport/admin_handler.go:101.2,102.101 2 0
github.com/IslamCHup/coworking-manager-project/internal/transport/admin_handler.go:105.51,108.16 3 0
github.com/IslamCHup/coworking-manager-project/internal/transport/admin_handler.go:108.16,112.3 3 0
github.com/IslamCHup/coworking-manager-project/internal/transport/admin_handler.go:114.2,114.63 1 0
github.com/IslamCHup/coworking-manager-project/internal/transport/admin_handler.go:114.63,116.45 2 0
github.com/IslamCHup/coworking-manager-project/internal/transport/admin_handler.go:116.45,119.4 2 0
github.com/IslamCHup/coworking-manager-project/internal/transport/admin_handler.go:120.3,121.9 2 0
github.com/IslamCHup/coworking-manager-project/internal/transport/admin_handler.go:124.2,125.97 2 0
github.com/IslamCHup/coworking-manager-project/internal/transport/admin_handler.go:128.54,131.16 3 0
github.com/IslamCHup/coworking-manager-project/internal/transport/admin_handler.go:131.16,135.3 3 0
github.com/IslamCHup/coworking-manager-project/internal/transport/admin_handler.go:137.2,138.47 2 0
github.com/IslamCHup/coworking-manager-project/internal/transport/admin_handler.go:138.47,142.3 3 0
github.com/IslamCHup/coworking-manager-project/internal/transport/admin_handler.go:144.2,144.75 1 0
github.com/IslamCHup/coworking-manager-project/internal/transport/admin_handler.go:144.75,146.45 2 0
github.com/IslamCHup/coworking-manager-project/internal/transport/admin_handler.go:146.45,149.4 2 0
github.com/IslamCHup/coworking-manager-project/internal/transport/admin_handler.go:150.3,151.9 2 0
github.com/IslamCHup/coworking-manager-project/internal/transport/admin_handler.go:154.2,155.103 2 0
github.com/IslamCHup/coworking-manager-project/internal/transport/admin_handler.go:158.54,161.16 3 0
github.com/IslamCHup/coworking-manager-project/internal/transport/admin_handler.go:161.16,165.3 3 0
github.com/IslamCHup/coworking-manager-project/internal/transport/admin_handler.go:167.2,167.72 1 0
github.com/IslamCHup/coworking-manager-project/internal/transport/admin_handler.go:167.72,169.45 2 0
github.com/IslamCHup/coworking-manager-project/internal/transport/admin_handler.go:169.45,172.4 2 0
github.com/IslamCHup/coworking-manager-project/internal/transport/admin_handler.go:173.3,174.9 2 0
github.com/IslamCHup/coworking-manager-project/internal/transport/admin_handler.go:177.2,178.99 2 0
github.com/IslamCHup/coworking-manager-project/internal/transport/admin_handler.go:181.65,184.16 3 0
github.com/IslamCHup/coworking-manager-project/internal/transport/admin_handler.go:184.16,188.3 3 0
github.com/IslamCHup/coworking-manager-project/internal/transport/admin_handler.go:190.2,193.47 2 0
github.com/IslamCHup/coworking-manager-project/internal/transport/admin_handler.go:193.47,200.3 3 0
github.com/IslamCHup/coworking-manager-project/internal/transport/admin_handler.go:203.2,205.19 3 0
github.com/IslamCHup/coworking-manager-project/internal/transport/admin_handler.go:206.16,207.39 1 0
github.com/IslamCHup/coworking-manager-project/internal/transport/admin_handler.go:208.20,209.42 1 0
github.com/IslamCHup/coworking-manager-project/internal/transport/admin_handler.go:210.19,211.42 1 0
github.com/IslamCHup/coworking-manager-project/internal/transport/admin_handler.go:212.10,218.9 3 0
github.com/IslamCHup/coworking-manager-project/internal/transport/admin_handler.go:222.2,224.104 2 0
github.com/IslamCHup/coworking-manager-project/internal/transport/admin_handler.go:224.104,226.45 2 0
github.com/IslamCHup/coworking-manager-project/internal/transport/admin_handler.go:226.45,229.4 2 0
github.com/IslamCHup/coworking-manager-project/internal/transport/admin_handler.go:230.3,230.44 1 0
github.com/IslamCHup/coworking-manager-project/internal/transport/admin_handler.go:230.44,238.53 2 0
github.com/IslamCHup/coworking-manager-project/internal/transport/admin_handler.go:238.53,248.5 1 0
github.com/IslamCHup/coworking-manager-project/internal/transport/admin_handler.go:250.4,251.10 2 0
github.com/IslamCHup/coworking-manager-project/internal/transport/admin_handler.go:253.3,254.9 2 0
github.com/IslamCHup/coworking-manager-project/internal/transport/admin_handler.go:257.2,258.114 2 0
github.com/IslamCHup/coworking-manager-project/internal/transport/admin_handler.go:261.58,264.16 3 0
github.com/IslamCHup/coworking-manager-project/internal/transport/admin_handler.go:264.16,268.3 3 0
github.com/IslamCHup/coworking-manager-project/internal/transport/admin_handler.go:270.2,271.47 2 0
github.com/IslamCHup/coworking-manager-project/internal/transport/admin_handler.go:271.47,275.3 3 0
github.com/IslamCHup/coworking-manager-project/internal/transport/admin_handler.go:277.2,277.21 1 0
github.com/IslamCHup/coworking-manager-project/internal/transport/admin_handler.go:277.21,280.3 2 0
github.com/IslamCHup/coworking-manager-project/internal/transport/admin_handler.go:282.2,282.84 1 0
github.com/IslamCHup/coworking-manager-project/internal/transport/admin_handler.go:282.84,286.3 3 0
github.com/IslamCHup/coworking-manager-project/internal/transport/admin_handler.go:288.2,288.74 1 0
github.com/IslamCHup/coworking-manager-project/internal/transport/auth_handler.go:24.16,30.2 1 0
github.com/IslamCHup/coworking-manager-project/internal/transport/auth_handler.go:32.53,34.2 2 0
github.com/IslamCHup/coworking-manager-project/internal/transport/auth_handler.go:34.2,37.3 2 0
github.com/IslamCHup/coworking-manager-project/internal/transport/auth_handler.go:42.48,44.47 2 0
github.com/IslamCHup/coworking-manager-project/internal/transport/auth_handler.go:44.47,48.3 3 0
github.com/IslamCHup/coworking-manager-project/internal/transport/auth_handler.go:50.2,56.16 2 0
github.com/IslamCHup/coworking-manager-project/internal/transport/auth_handler.go:56.16,60.3 3 0
github.com/IslamCHup/coworking-manager-project/internal/transport/auth_handler.go:62.2,62.33 1 0
github.com/IslamCHup/coworking-manager-project/internal/transport/auth_handler.go:65.45,67.47 2 0
github.com/IslamCHup/coworking-manager-project/internal/transport/auth_handler.go:67.47,71.3 3 0
github.com/IslamCHup/coworking-manager-project/internal/transport/auth_handler.go:73.2,74.16 2 0
github.com/IslamCHup/coworking-manager-project/internal/transport/auth_handler.go:74.16,78.3 3 0
github.com/IslamCHup/coworking-manager-project/internal/transport/auth_handler.go:80.2,80.33 1 0
github.com/IslamCHup/coworking-manager-project/internal/transport/auth_handler.go:85.70,87.16 2 0
github.com/IslamCHup/coworking-manager-project/internal/transport/auth_handler.go:87.16,91.3 3 0
github.com/IslamCHup/coworking-manager-project/internal/transport/auth_handler.go:93.2,94.16 2 0
github.com/IslamCHup/coworking-manager-project/internal/transport/auth_handler.go:94.16,98.3 3 0
github.com/IslamCHup/coworking-manager-project/internal/transport/auth_handler.go:100.2,103.4 1 0
github.com/IslamCHup/coworking-manager-project/internal/transport/booking_handler.go:20.93,22.2 1 0
github.com/IslamCHup/coworking-manager-project/internal/transport/booking_handler.go:24.56,28.2 3 0
github.com/IslamCHup/coworking-manager-project/internal/transport/booking_handler.go:28.2,31.3 2 0
github.com/IslamCHup/coworking-manager-project/internal/transport/booking_handler.go:33.2,35.2 3 0
github.com/IslamCHup/coworking-manager-project/internal/transport/booking_handler.go:35.2,40.3 4 0
github.com/IslamCHup/coworking-manager-project/internal/transport/booking_handler.go:43.50,45.9 2 0
github.com/IslamCHup/coworking-manager-project/internal/transport/booking_handler.go:45.9,48.3 2 0
github.com/IslamCHup/coworking-manager-project/internal/transport/booking_handler.go:49.2,52.16 3 0
github.com/IslamCHup/coworking-manager-project/internal/transport/booking_handler.go:52.16,56.3 3 0
github.com/IslamCHup/coworking-manager-project/internal/transport/booking_handler.go:58.2,60.32 2 0
github.com/IslamCHup/coworking-manager-project/internal/transport/booking_handler.go:63.56,66.58 2 0
github.com/IslamCHup/coworking-manager-project/internal/transport/booking_handler.go:66.58,71.3 3 0
github.com/IslamCHup/coworking-manager-project/internal/transport/booking_handler.go:73.2,75.32 2 0
github.com/IslamCHup/coworking-manager-project/internal/transport/booking_handler.go:78.49,81.47 2 0
github.com/IslamCHup/coworking-manager-project/internal/transport/booking_handler.go:81.47,85.3 3 0
github.com/IslamCHup/coworking-manager-project/internal/transport/booking_handler.go:87.2,88.16 2 0
github.com/IslamCHup/coworking-manager-project/internal/transport/booking_handler.go:88.16,92.3 3 0
github.com/IslamCHup/coworking-manager-project/internal/transport/booking_handler.go:94.2,96.37 2 0
github.com/IslamCHup/coworking-manager-project/internal/transport/booking_handler.go:99.54,102.46 2 0
github.com/IslamCHup/coworking-manager-project/internal/transport/booking_handler.go:102.46,105.3 2 0
github.com/IslamCHup/coworking-manager-project/internal/transport/booking_handler.go:106.2,120.16 3 0
github.com/IslamCHup/coworking-manager-project/internal/transport/booking_handler.go:120.16,123.3 2 0
github.com/IslamCHup/coworking-manager-project/internal/transport/booking_handler.go:125.2,125.32 1 0
github.com/IslamCHup/coworking-manager-project/internal/transport/booking_handler.go:128.49,132.47 3 0
github.com/IslamCHup/coworking-manager-project/internal/transport/booking_handler.go:132.47,136.3 3 0
github.com/IslamCHup/coworking-manager-project/internal/transport/booking_handler.go:138.2,138.61 1 0
github.com/IslamCHup/coworking-manager-project/internal/transport/booking_handler.go:138.61,142.3 3 0
github.com/IslamCHup/coworking-manager-project/internal/transport/booking_handler.go:144.2,145.63 2 0
github.com/IslamCHup/coworking-manager-project/internal/transport/booking_handler.go:148.55,150.17 2 0
github.com/IslamCHup/coworking-manager-project/internal/transport/booking_handler.go:150.17,154.3 3 0
github.com/IslamCHup/coworking-manager-project/internal/transport/booking_handler.go:155.2,159.50 3 0
github.com/IslamCHup/coworking-manager-project/internal/transport/booking_handler.go:159.50,163.3 3 0
github.com/IslamCHup/coworking-manager-project/internal/transport/booking_handler.go:165.2,165.65 1 0
github.com/IslamCHup/coworking-manager-project/internal/transport/booking_handler.go:165.65,168.3 2 0
github.com/IslamCHup/coworking-manager-project/internal/transport/booking_handler.go:169.2,169.63 1 0
github.com/IslamCHup/coworking-manager-project/internal/transport/place_handler.go:19.81,21.2 1 0
github.com/IslamCHup/coworking-manager-project/internal/transport/place_handler.go:23.54,25.2 2 0
github.com/IslamCHup/coworking-manager-project/internal/transport/place_handler.go:25.2,29.3 3 0
github.com/IslamCHup/coworking-manager-project/internal/transport/place_handler.go:32.51,34.46 2 0
github.com/IslamCHup/coworking-manager-project/internal/transport/place_handler.go:34.46,37.3 2 0
github.com/IslamCHup/coworking-manager-project/internal/transport/place_handler.go:39.2,40.16 2 0
github.com/IslamCHup/coworking-manager-project/internal/transport/place_handler.go:40.16,44.3 3 0
github.com/IslamCHup/coworking-manager-project/internal/transport/place_handler.go:46.2,46.31 1 0
github.com/IslamCHup/coworking-manager-project/internal/transport/place_handler.go:49.48,51.17 2 0
github.com/IslamCHup/coworking-manager-project/internal/transport/place_handler.go:51.17,54.3 2 0
github.com/IslamCHup/coworking-manager-project/internal/transport/place_handler.go:55.2,58.16 3 0
github.com/IslamCHup/coworking-manager-project/internal/transport/place_handler.go:58.16,62.3 3 0
github.com/IslamCHup/coworking-manager-project/internal/transport/place_handler.go:64.2,64.30 1 0
github.com/IslamCHup/coworking-manager-project/internal/transport/place_handler.go:67.55,69.46 2 0
github.com/IslamCHup/coworking-manager-project/internal/transport/place_handler.go:69.46,72.3 2 0
github.com/IslamCHup/coworking-manager-project/internal/transport/place_handler.go:74.2,75.16 2 0
github.com/IslamCHup/coworking-manager-project/internal/transport/place_handler.go:75.16,79.3 3 0
github.com/IslamCHup/coworking-manager-project/internal/transport/place_handler.go:81.2,81.31 1 0
github.com/IslamCHup/coworking-manager-project/internal/transport/refresh_token_handler.go:20.19,25.2 1 0
github.com/IslamCHup/coworking-manager-project/internal/transport/refresh_token_handler.go:27.56,29.2 2 0
github.com/IslamCHup/coworking-manager-project/internal/transport/refresh_token_handler.go:29.2,32.3 2 0
github.com/IslamCHup/coworking-manager-project/internal/transport/refresh_token_handler.go:35.50,38.47 2 0
github.com/IslamCHup/coworking-manager-project/internal/transport/refresh_token_handler.go:38.47,42.3 3 0
github.com/IslamCHup/coworking-manager-project/internal/transport/refresh_token_handler.go:44.2,45.16 2 0
github.com/IslamCHup/coworking-manager-project/internal/transport/refresh_token_handler.go:45.16,49.3 3 0
github.com/IslamCHup/coworking-manager-project/internal/transport/refresh_token_handler.go:51.2,55.4 2 0
github.com/IslamCHup/coworking-manager-project/internal/transport/refresh_token_handler.go:58.49,61.47 2 0
github.com/IslamCHup/coworking-manager-project/internal/transport/refresh_token_handler.go:61.47,65.3 3 0
github.com/IslamCHup/coworking-manager-project/internal/transport/refresh_token_handler.go:67.2,67.66 1 0
github.com/IslamCHup/coworking-manager-project/internal/transport/refresh_token_handler.go:67.66,71.3 3 0
github.com/IslamCHup/coworking-manager-project/internal/transport/refresh_token_handler.go:73.2,74.87 2 0
github.com/IslamCHup/coworking-manager-project/internal/transport/review_handler.go:18.89,20.2 1 0
github.com/IslamCHup/coworking-manager-project/internal/transport/review_handler.go:22.61,24.2 2 0
github.com/IslamCHup/coworking-manager-project/internal/transport/review_handler.go:24.2,29.3 4 0
github.com/IslamCHup/coworking-manager-project/internal/transport/review_handler.go:32.54,34.13 2 0
github.com/IslamCHup/coworking-manager-project/internal/transport/review_handler.go:34.13,39.3 2 0
github.com/IslamCHup/coworking-manager-project/internal/transport/review_handler.go:41.2,42.9 2 0
github.com/IslamCHup/coworking-manager-project/internal/transport/review_handler.go:42.9,47.3 2 0
github.com/IslamCHup/coworking-manager-project/internal/transport/review_handler.go:49.2,49.21 1 0
github.com/IslamCHup/coworking-manager-project/internal/transport/review_handler.go:49.21,54.3 2 0
github.com/IslamCHup/coworking-manager-project/internal/transport/review_handler.go:56.2,57.47 2 0
github.com/IslamCHup/coworking-manager-project/internal/transport/review_handler.go:57.47,62.3 2 0
github.com/IslamCHup/coworking-manager-project/internal/transport/review_handler.go:64.2,67.16 3 0
github.com/IslamCHup/coworking-manager-project/internal/transport/review_handler.go:67.16,73.3 3 0
github.com/IslamCHup/coworking-manager-project/internal/transport/review_handler.go:75.2,78.4 1 0
github.com/IslamCHup/coworking-manager-project/internal/transport/review_handler.go:81.49,83.16 2 0
github.com/IslamCHup/coworking-manager-project/internal/transport/review_handler.go:83.16,86.3 2 0
github.com/IslamCHup/coworking-manager-project/internal/transport/review_handler.go:88.2,89.16 2 0
github.com/IslamCHup/coworking-manager-project/internal/transport/review_handler.go:89.16,93.3 3 0
github.com/IslamCHup/coworking-manager-project/internal/transport/review_handler.go:95.2,95.31 1 0
github.com/IslamCHup/coworking-manager-project/internal/transport/review_handler.go:98.54,100.13 2 0
github.com/IslamCHup/coworking-manager-project/internal/transport/review_handler.go:100.13,105.3 2 0
github.com/IslamCHup/coworking-manager-project/internal/transport/review_handler.go:107.2,108.28 2 0
github.com/IslamCHup/coworking-manager-project/internal/transport/review_handler.go:108.28,113.3 2 0
github.com/IslamCHup/coworking-manager-project/internal/transport/review_handler.go:115.2,116.16 2 0
github.com/IslamCHup/coworking-manager-project/internal/transport/review_handler.go:116.16,119.3 2 0
github.com/IslamCHup/coworking-manager-project/internal/transport/review_handler.go:121.2,122.47 2 0
github.com/IslamCHup/coworking-manager-project/internal/transport/review_handler.go:122.47,125.3 2 0
github.com/IslamCHup/coworking-manager-project/internal/transport/review_handler.go:127.2,128.16 2 0
github.com/IslamCHup/coworking-manager-project/internal/transport/review_handler.go:128.16,132.3 3 0
github.com/IslamCHup/coworking-manager-project/internal/transport/review_handler.go:134.2,134.33 1 0
github.com/IslamCHup/coworking-manager-project/internal/transport/review_handler.go:134.33,139.3 2 0
github.com/IslamCHup/coworking-manager-project/internal/transport/review_handler.go:141.2,142.16 2 0
github.com/IslamCHup/coworking-manager-project/internal/transport/review_handler.go:142.16,146.3 3 0
github.com/IslamCHup/coworking-manager-project/internal/transport/review_handler.go:148.2,151.4 1 0
github.com/IslamCHup/coworking-manager-project/internal/transport/review_handler.go:154.54,156.13 2 0
github.com/IslamCHup/coworking-manager-project/internal/transport/review_handler.go:156.13,161.3 2 0
github.com/IslamCHup/coworking-manager-project/internal/transport/review_handler.go:163.2,164.28 2 0
github.com/IslamCHup/coworking-manager-project/internal/transport/review_handler.go:164.28,169.3 2 0
github.com/IslamCHup/coworking-manager-project/internal/transport/review_handler.go:171.2,172.16 2 0
github.com/IslamCHup/coworking-manager-project/internal/transport/review_handler.go:172.16,175.3 2 0
github.com/IslamCHup/coworking-manager-project/internal/transport/review_handler.go:177.2,178.16 2 0
github.com/IslamCHup/coworking-manager-project/internal/transport/review_handler.go:178.16,182.3 3 0
github.com/IslamCHup/coworking-manager-project/internal/transport/review_handler.go:184.2,184.33 1 0
github.com/IslamCHup/coworking-manager-project/internal/transport/review_handler.go:184.33,189.3 2 0
github.com/IslamCHup/coworking-manager-project/internal/transport/review_handler.go:191.2,192.16 2 0
github.com/IslamCHup/coworking-manager-project/internal/transport/review_handler.go:192.16,196.3 3 0
github.com/IslamCHup/coworking-manager-project/internal/transport/review_handler.go:198.2,200.4 1 0
github.com/IslamCHup/coworking-manager-project/internal/transport/routes.go:21.3,47.2 18 0
github.com/IslamCHup/coworking-manager-project/internal/transport/user_handler.go:22.16,27.2 1 0
github.com/IslamCHup/coworking-manager-project/internal/transport/user_handler.go:29.58,36.2 4 0
github.com/IslamCHup/coworking-manager-project/internal/transport/user_handler.go:38.47,42.16 3 0
github.com/IslamCHup/coworking-manager-project/internal/transport/user_handler.go:42.16,46.3 3 0
github.com/IslamCHup/coworking-manager-project/internal/transport/user_handler.go:48.2,49.29 2 0
github.com/IslamCHup/coworking-manager-project/internal/transport/user_handler.go:52.50,56.47 3 0
github.com/IslamCHup/coworking-manager-project/internal/transport/user_handler.go:56.47,60.3 3 0
github.com/IslamCHup/coworking-manager-project/internal/transport/user_handler.go:62.2,62.58 1 0
github.com/IslamCHup/coworking-manager-project/internal/transport/user_handler.go:62.58,66.3 3 0
github.com/IslamCHup/coworking-manager-project/internal/transport/user_handler.go:68.2,69.86 2 0
